<?xml version="1.0" encoding="UTF-8"?>
<!-- Generated by org.testng.reporters.JUnitReportReporter -->
<testsuite hostname="DESKTOP-4AFA79T" failures="0" tests="5" name="testCases.TC_003LoginDataDrivenTest" time="41.944" errors="0" timestamp="2023-08-30T22:48:45 EDT" skipped="0">
  <testcase classname="testCases.TC_003LoginDataDrivenTest" name="test_Login" time="11.710"/>
  <testcase classname="testCases.TC_003LoginDataDrivenTest" name="test_Login" time="11.802"/>
  <testcase classname="testCases.TC_003LoginDataDrivenTest" name="test_Login" time="11.934"/>
  <testcase classname="testCases.TC_003LoginDataDrivenTest" name="test_Login" time="3.088"/>
  <testcase classname="testCases.TC_003LoginDataDrivenTest" name="test_Login" time="3.410"/>
</testsuite> <!-- testCases.TC_003LoginDataDrivenTest -->
