<?xml version="1.0" encoding="UTF-8"?>
<!-- Generated by org.testng.reporters.JUnitReportReporter -->
<testsuite hostname="DESKTOP-4AFA79T" failures="0" tests="1" name="testCases.TC_001_AccountregistrationTest" time="2.114" errors="0" timestamp="2023-08-30T19:15:11 EDT" skipped="0">
  <testcase classname="testCases.TC_001_AccountregistrationTest" name="test_AccountRegistration" time="2.114"/>
</testsuite> <!-- testCases.TC_001_AccountregistrationTest -->
