<?xml version="1.0" encoding="UTF-8"?>
<!-- Generated by org.testng.reporters.JUnitReportReporter -->
<testsuite hostname="DESKTOP-4AFA79T" failures="0" tests="1" name="testCases.TC_002LoginTest" time="1.364" errors="0" timestamp="2023-08-30T20:58:04 EDT" skipped="0">
  <testcase classname="testCases.TC_002LoginTest" name="test_Login" time="1.364"/>
</testsuite> <!-- testCases.TC_002LoginTest -->
