<?xml version="1.0" encoding="UTF-8"?>
<!-- Generated by org.testng.reporters.JUnitReportReporter -->
<testsuite hostname="DESKTOP-4AFA79T" failures="0" tests="5" name="testCases.TC_003LoginDataDrivenTest" time="40.464" errors="0" timestamp="2023-08-30T22:56:30 EDT" skipped="0">
  <testcase classname="testCases.TC_003LoginDataDrivenTest" name="test_Login" time="11.738"/>
  <testcase classname="testCases.TC_003LoginDataDrivenTest" name="test_Login" time="2.789"/>
  <testcase classname="testCases.TC_003LoginDataDrivenTest" name="test_Login" time="11.355"/>
  <testcase classname="testCases.TC_003LoginDataDrivenTest" name="test_Login" time="3.322"/>
  <testcase classname="testCases.TC_003LoginDataDrivenTest" name="test_Login" time="11.260"/>
</testsuite> <!-- testCases.TC_003LoginDataDrivenTest -->
